[2026/4/4 21:05:14] 🚀 X自動投稿スクリプト起動
[2026/4/4 21:05:14] 📋 投稿スケジュール: 朝 07:00 / 昼 12:00 / 夜 20:00
[2026/4/4 21:05:14] ⏰ スケジュール登録: 朝 07:00 (0 7  * * *)
[2026/4/4 21:05:14] ⏰ スケジュール登録: 昼 12:00 (0 12 * * *)
[2026/4/4 21:05:14] ⏰ スケジュール登録: 夜 20:00 (0 20 * * *)
[2026/4/4 21:05:14] 🧪 テストモード: 07:00 枠のツイートを今すぐ投稿します
[2026/4/4 21:05:14] ❌ [テスト] 投稿失敗: Request failed with code 401
[2026/4/4 21:05:14]    API Error: {"title":"Unauthorized","type":"about:blank","status":401,"detail":"Unauthorized"}
[2026/4/4 21:08:52] 🚀 X自動投稿スクリプト起動
[2026/4/4 21:08:52] 📋 投稿スケジュール: 朝 07:00 / 昼 12:00 / 夜 20:00
[2026/4/4 21:08:52] ⏰ スケジュール登録: 朝 07:00 (0 7  * * *)
[2026/4/4 21:08:52] ⏰ スケジュール登録: 昼 12:00 (0 12 * * *)
[2026/4/4 21:08:52] ⏰ スケジュール登録: 夜 20:00 (0 20 * * *)
[2026/4/4 21:08:52] 🧪 テストモード: 07:00 枠のツイートを今すぐ投稿します
[2026/4/4 21:08:52] ❌ [テスト] 投稿失敗: Request failed with code 401
[2026/4/4 21:08:52]    API Error: {"title":"Unauthorized","type":"about:blank","status":401,"detail":"Unauthorized"}
[2026/4/4 21:09:56] 🚀 X自動投稿スクリプト起動
[2026/4/4 21:09:56] 📋 投稿スケジュール: 朝 07:00 / 昼 12:00 / 夜 20:00
[2026/4/4 21:09:56] ⏰ スケジュール登録: 朝 07:00 (0 7  * * *)
[2026/4/4 21:09:56] ⏰ スケジュール登録: 昼 12:00 (0 12 * * *)
[2026/4/4 21:09:56] ⏰ スケジュール登録: 夜 20:00 (0 20 * * *)
[2026/4/4 21:09:56] 🧪 テストモード: 07:00 枠のツイートを今すぐ投稿します
[2026/4/4 21:09:56] ❌ [テスト] 投稿失敗: Request failed with code 401
[2026/4/4 21:09:56]    API Error: {"title":"Unauthorized","type":"about:blank","status":401,"detail":"Unauthorized"}
[2026/4/4 21:12:54] 🚀 X自動投稿スクリプト起動
[2026/4/4 21:12:54] 📋 投稿スケジュール: 朝 07:00 / 昼 12:00 / 夜 20:00
[2026/4/4 21:12:54] ⏰ スケジュール登録: 朝 07:00 (0 7  * * *)
[2026/4/4 21:12:54] ⏰ スケジュール登録: 昼 12:00 (0 12 * * *)
[2026/4/4 21:12:54] ⏰ スケジュール登録: 夜 20:00 (0 20 * * *)
[2026/4/4 21:12:54] 🧪 テストモード: 07:00 枠のツイートを今すぐ投稿します
[2026/4/4 21:12:55] ❌ [テスト] 投稿失敗: Request failed with code 401
[2026/4/4 21:12:55]    API Error: {"title":"Unauthorized","type":"about:blank","status":401,"detail":"Unauthorized"}
[2026/4/4 21:16:27] 🚀 X自動投稿スクリプト起動
[2026/4/4 21:16:27] 📋 投稿スケジュール: 朝 07:00 / 昼 12:00 / 夜 20:00
[2026/4/4 21:16:27] ⏰ スケジュール登録: 朝 07:00 (0 7  * * *)
[2026/4/4 21:16:27] ⏰ スケジュール登録: 昼 12:00 (0 12 * * *)
[2026/4/4 21:16:27] ⏰ スケジュール登録: 夜 20:00 (0 20 * * *)
[2026/4/4 21:16:27] 🧪 テストモード: 07:00 枠のツイートを今すぐ投稿します
[2026/4/4 21:16:27] ❌ [テスト] 投稿失敗: Request failed with code 401
[2026/4/4 21:16:27]    API Error: {"title":"Unauthorized","type":"about:blank","status":401,"detail":"Unauthorized"}
[2026/4/4 21:27:27] 🚀 X自動投稿スクリプト起動
[2026/4/4 21:27:27] 📋 投稿スケジュール: 朝 07:00 / 昼 12:00 / 夜 20:00
[2026/4/4 21:27:27] ⏰ スケジュール登録: 朝 07:00 (0 7  * * *)
[2026/4/4 21:27:27] ⏰ スケジュール登録: 昼 12:00 (0 12 * * *)
[2026/4/4 21:27:27] ⏰ スケジュール登録: 夜 20:00 (0 20 * * *)
[2026/4/4 21:27:27] 🧪 テストモード: 07:00 枠のツイートを今すぐ投稿します
[2026/4/4 21:27:28] ❌ [テスト] 投稿失敗: Request failed with code 401
[2026/4/4 21:27:28]    API Error: {"title":"Unauthorized","type":"about:blank","status":401,"detail":"Unauthorized"}
[2026/4/4 21:31:13] 🚀 X自動投稿スクリプト起動
[2026/4/4 21:31:13] 📋 投稿スケジュール: 朝 07:00 / 昼 12:00 / 夜 20:00
[2026/4/4 21:31:13] ⏰ スケジュール登録: 朝 07:00 (0 7  * * *)
[2026/4/4 21:31:13] ⏰ スケジュール登録: 昼 12:00 (0 12 * * *)
[2026/4/4 21:31:13] ⏰ スケジュール登録: 夜 20:00 (0 20 * * *)
[2026/4/4 21:31:13] 🧪 テストモード: 07:00 枠のツイートを今すぐ投稿します
[2026/4/4 21:31:13] ❌ [テスト] 投稿失敗: Request failed with code 401
[2026/4/4 21:31:13]    API Error: {"title":"Unauthorized","type":"about:blank","status":401,"detail":"Unauthorized"}
[2026/4/4 21:35:53] 🚀 X自動投稿スクリプト起動
[2026/4/4 21:35:53] 📋 投稿スケジュール: 朝 07:00 / 昼 12:00 / 夜 20:00
[2026/4/4 21:35:53] ⏰ スケジュール登録: 朝 07:00 (0 7  * * *)
[2026/4/4 21:35:53] ⏰ スケジュール登録: 昼 12:00 (0 12 * * *)
[2026/4/4 21:35:53] ⏰ スケジュール登録: 夜 20:00 (0 20 * * *)
[2026/4/4 21:35:53] 🧪 テストモード: 07:00 枠のツイートを今すぐ投稿します
[2026/4/4 21:35:54] ✅ [テスト] POSTED id=4 tweet_id=2040408011248959515
[2026/4/4 21:35:54]    内容: 年収1000万より「手取り600万・週3勤務」の方が豊かだと気づいた話。  年収1000万（大企業） ・手取り約680万...
[2026/4/5 2:04:38] 🚀 X自動投稿スクリプト起動
[2026/4/5 2:04:38] 📋 投稿スケジュール: 朝 07:00 / 昼 12:00 / 夜 20:00
[2026/4/5 2:04:38] ⏰ スケジュール登録: 朝 07:00 (0 7  * * *)
[2026/4/5 2:04:38] ⏰ スケジュール登録: 昼 12:00 (0 12 * * *)
[2026/4/5 2:04:38] ⏰ スケジュール登録: 夜 20:00 (0 20 * * *)
[2026/4/5 3:20:39] 🚀 X自動投稿スクリプト起動
[2026/4/5 3:20:39] 📋 投稿スケジュール: 朝 07:00 / 昼 12:00 / 夜 20:00
[2026/4/5 3:20:39] ⏰ スケジュール登録: 朝 07:00 (0 7  * * *)
[2026/4/5 3:20:39] ⏰ スケジュール登録: 昼 12:00 (0 12 * * *)
[2026/4/5 3:20:39] ⏰ スケジュール登録: 夜 20:00 (0 20 * * *)
[2026/4/5 3:26:17] 🚀 X自動投稿スクリプト起動
[2026/4/5 3:26:17] 📋 投稿スケジュール: 朝 07:00 / 昼 12:00 / 夜 20:00 / 土日祝 22:00
[2026/4/5 3:26:17] ⏰ スケジュール登録: 朝 07:00 (0 7  * * *)
[2026/4/5 3:26:17] ⏰ スケジュール登録: 昼 12:00 (0 12 * * *)
[2026/4/5 3:26:17] ⏰ スケジュール登録: 夜 20:00 (0 20 * * *)
[2026/4/5 3:26:17] ⏰ スケジュール登録: 土日祝 22:00 (条件付き)
[2026/4/5 12:36:49] 🚀 X自動投稿スクリプト起動
[2026/4/5 12:36:49] 📋 投稿スケジュール: 朝 07:00 / 昼 12:00 / 夜 20:00 / 土日祝 22:00
[2026/4/5 12:36:49] ⏰ スケジュール登録: 朝 07:00 (0 7  * * *)
[2026/4/5 12:36:49] ⏰ スケジュール登録: 昼 12:00 (0 12 * * *)
[2026/4/5 12:36:49] ⏰ スケジュール登録: 夜 20:00 (0 20 * * *)
[2026/4/5 12:36:49] ⏰ スケジュール登録: 土日祝 22:00 (条件付き)
[2026/4/5 12:37:53] 🚀 X自動投稿スクリプト起動
[2026/4/5 12:37:54] 📋 投稿スケジュール: 朝 07:00 / 昼 12:00 / 夜 20:00 / 土日祝 22:00
[2026/4/5 12:37:54] ⏰ スケジュール登録: 朝 07:00 (0 7  * * *)
[2026/4/5 12:37:54] ⏰ スケジュール登録: 昼 12:00 (0 12 * * *)
[2026/4/5 12:37:54] ⏰ スケジュール登録: 夜 20:00 (0 20 * * *)
[2026/4/5 12:37:54] ⏰ スケジュール登録: 土日祝 22:00 (条件付き)
[2026/4/5 20:00:00] ✅ [夜 20:00] POSTED id=69 tweet_id=2040746278917951595
[2026/4/5 20:00:00]    内容: 副業初心者が絶対やってはいけないこと。  ❌ 最初から高単価を狙う（実績がないと無理） ❌ 複数の副業を同時に始める（全...
[2026/4/6 8:42:56] 🚀 X自動投稿スクリプト起動
[2026/4/6 8:42:56] 📋 投稿スケジュール: 朝 07:00 / 昼 12:00 / 夜 20:00 / 土日祝 22:00
[2026/4/6 8:42:56] ⏰ スケジュール登録: 朝 07:00 (0 7  * * *)
[2026/4/6 8:42:56] ⏰ スケジュール登録: 昼 12:00 (0 12 * * *)
[2026/4/6 8:42:56] ⏰ スケジュール登録: 夜 20:00 (0 20 * * *)
[2026/4/6 8:42:56] ⏰ スケジュール登録: 土日祝 22:00 (条件付き)
[2026/4/6 12:00:01] ✅ [昼 12:00] POSTED id=26 tweet_id=2040987863479959780
[2026/4/6 12:00:01]    内容: デザイン副業で稼ぐための最短ルート。  1. CanvaとFigmaを無料で学ぶ（2週間） 2. 架空案件でポートフォリ...
[2026/4/6 16:42:21] 🚀 X自動投稿スクリプト起動
[2026/4/6 16:42:21] 📋 投稿スケジュール: 朝 07:00 / 昼 12:00 / 夜 20:00 / 土日祝 22:00
[2026/4/6 16:42:21] ⏰ スケジュール登録: 朝 07:00 (0 7  * * *)
[2026/4/6 16:42:21] ⏰ スケジュール登録: 昼 12:00 (0 12 * * *)
[2026/4/6 16:42:21] ⏰ スケジュール登録: 夜 20:00 (0 20 * * *)
[2026/4/6 16:42:21] ⏰ スケジュール登録: 土日祝 22:00 (条件付き)
[2026/4/6 20:00:01] ✅ [夜 20:00] POSTED id=9 tweet_id=2041108659871383687
[2026/4/6 20:00:01]    内容: コードギアスのルルーシュ「僕は世界を壊して世界を作る」  このセリフの重さ、最終回を見た後に振り返るとまた全然違う意味に...
[2026/4/7 8:16:19] 🚀 X自動投稿スクリプト起動
[2026/4/7 8:16:19] 📋 投稿スケジュール: 朝 07:00 / 昼 12:00 / 夜 20:00 / 土日祝 22:00
[2026/4/7 8:16:19] ⏰ スケジュール登録: 朝 07:00 (0 7  * * *)
[2026/4/7 8:16:19] ⏰ スケジュール登録: 昼 12:00 (0 12 * * *)
[2026/4/7 8:16:19] ⏰ スケジュール登録: 夜 20:00 (0 20 * * *)
[2026/4/7 8:16:19] ⏰ スケジュール登録: 土日祝 22:00 (条件付き)
[2026/4/7 12:00:01] ✅ [昼 12:00] POSTED id=62 tweet_id=2041350251697848647
[2026/4/7 12:00:01]    内容: NARUTOのサクラ、序盤と終盤で別人レベルに成長する。  「このキャラ嫌い」と思ってたのに後半好きになったキャラ、みん...
[2026/4/9 0:27:56] 🚀 X自動投稿スクリプト起動
[2026/4/9 0:27:56] 📋 投稿スケジュール: 朝 07:00 / 昼 12:00 / 夜 20:00 / 土日祝 22:00
[2026/4/9 0:27:56] ⏰ スケジュール登録: 朝 07:00 (0 7  * * *)
[2026/4/9 0:27:56] ⏰ スケジュール登録: 昼 12:00 (0 12 * * *)
[2026/4/9 0:27:56] ⏰ スケジュール登録: 夜 20:00 (0 20 * * *)
[2026/4/9 0:27:56] ⏰ スケジュール登録: 土日祝 22:00 (条件付き)
[2026/4/9 0:55:23] 🚀 X自動投稿スクリプト起動
[2026/4/9 0:55:23] 📋 投稿スケジュール: 朝 07:00 / 昼 12:00 / 夜 20:00 / 土日祝 22:00
[2026/4/9 0:55:23] ⏰ スケジュール登録: 朝 07:00 (0 7  * * *)
[2026/4/9 0:55:23] ⏰ スケジュール登録: 昼 12:00 (0 12 * * *)
[2026/4/9 0:55:23] ⏰ スケジュール登録: 夜 20:00 (0 20 * * *)
[2026/4/9 0:55:23] ⏰ スケジュール登録: 土日祝 22:00 (条件付き)
[2026/4/9 1:25:03] 🚀 X自動投稿スクリプト起動
[2026/4/9 1:25:03] 📋 投稿スケジュール: 朝 07:00 / 昼 12:00 / 夜 20:00 / 土日祝 22:00
[2026/4/9 1:25:03] ⏰ スケジュール登録: 朝 07:00 (0 7  * * *)
[2026/4/9 1:25:03] ⏰ スケジュール登録: 昼 12:00 (0 12 * * *)
[2026/4/9 1:25:03] ⏰ スケジュール登録: 夜 20:00 (0 20 * * *)
[2026/4/9 1:25:03] ⏰ スケジュール登録: 土日祝 22:00 (条件付き)
